<?xml version="1.0" encoding="UTF-8"?>
<testsuite xmlns:xsi="http://www.w3.org/2001/XMLSchema-instance" xsi:noNamespaceSchemaLocation="https://maven.apache.org/surefire/maven-surefire-plugin/xsd/surefire-test-report-3.0.xsd" version="3.0" name="SizeTest" time="0.199" tests="2" errors="0" skipped="0" failures="0">
  <properties>
[...]
</properties>
  <testcase name="testPrintField" classname="SizeTest" time="0.116"/>
  <testcase name="testHasBomb" classname="SizeTest" time="0.007">
    <system-out><![CDATA[ $$$$$$\                                                                                        $$\ 
$$  __$$\                                                                                       $$ |
$$ /  \__| $$$$$$\  $$$$$$\$$$$\   $$$$$$\         $$$$$$\ $$\    $$\  $$$$$$\   $$$$$$\        $$ |
$$ |$$$$\  \____$$\ $$  _$$  _$$\ $$  __$$\       $$  __$$\\$$\  $$  |$$  __$$\ $$  __$$\       $$ |
$$ |\_$$ | $$$$$$$ |$$ / $$ / $$ |$$$$$$$$ |      $$ /  $$ |\$$\$$  / $$$$$$$$ |$$ |  \__|      \__|
$$ |  $$ |$$  __$$ |$$ | $$ | $$ |$$   ____|      $$ |  $$ | \$$$  /  $$   ____|$$ |                
\$$$$$$  |\$$$$$$$ |$$ | $$ | $$ |\$$$$$$$\       \$$$$$$  |  \$  /   \$$$$$$$\ $$ |            $$\ 
 \______/  \_______|\__| \__| \__| \_______|       \______/    \_/     \_______|\__|            \__|
                                                                                                    
                                                                                                    
                                                                                                    
$$\     $$\                         $$\                               $$\       
\$$\   $$  |                        $$ |                              $$ |      
 \$$\ $$  /$$$$$$\  $$\   $$\       $$ | $$$$$$\   $$$$$$$\  $$$$$$\  $$ |      
  \$$$$  /$$  __$$\ $$ |  $$ |      $$ |$$  __$$\ $$  _____|$$  __$$\ $$ |      
   \$$  / $$ /  $$ |$$ |  $$ |      $$ |$$ /  $$ |\$$$$$$\  $$$$$$$$ |\__|      
    $$ |  $$ |  $$ |$$ |  $$ |      $$ |$$ |  $$ | \____$$\ $$   ____|          
    $$ |  \$$$$$$  |\$$$$$$  |      $$ |\$$$$$$  |$$$$$$$  |\$$$$$$$\ $$\       
    \__|   \______/  \______/       \__| \______/ \_______/  \_______|\__|      
                                                                                
                                                                                
                                                                                
]]></system-out>
  </testcase>
</testsuite>